<?xml version="1.0" encoding="UTF-8"?>
<testsuite name="vendingmachine.AppTest" tests="1" skipped="0" failures="0" errors="0" timestamp="2022-10-28T10:57:49" hostname="DESKTOP-M2LNC1A" time="0.025">
  <properties/>
  <testcase name="constructorTest()" classname="vendingmachine.AppTest" time="0.025"/>
  <system-out><![CDATA[]]></system-out>
  <system-err><![CDATA[]]></system-err>
</testsuite>
